2016/03/11 20:04:39 Go Server Starts
2016/03/11 20:05:51 Tokens  32 [move hp up a bit]
2016/03/11 20:05:51 vector 32 [79 300 305 69 259 1 1 1 1 1 1 1 1 1 1 1 1 1 1 1 1 1 1 1 1 1 1 1 1 1 1 1 1 1 1 1 1 1 1 1 1 1 1 1 1 1 1 1 1 1 1 1 1 1 1 1 1 1 1 1 1 1 1 1 1 1 1 1 1 1 1 1 1 1 1 1 1 1 1]
2016/03/11 20:05:51 send str:  32 79 300 305 69 259 1 1 1 1 1 1 1 1 1 1 1 1 1 1 1 1 1 1 1 1 1 1 1 1 1 1 1 1 1 1 1 1 1 1 1 1 1 1 1 1 1 1 1 1 1 1 1 1 1 1 1 1 1 1 1 1 1 1 1 1 1 1 1 1 1 1 1 1 1 1 1 1 1 1
2016/03/11 20:05:54 result 32 7 7 1

2016/03/11 20:05:54 results  7  nums:  [7 0 0]
2016/03/11 20:05:54 results  7  nums:  [7 7 0]
2016/03/11 20:05:54 results  1  nums:  [7 7 1]
2016/03/11 20:05:54 Source coordinate  32 {7 [0.6544083310699463 0.07222310304641724 -0.9189662912330627]}
2016/03/11 20:05:54 Target coordinate  32 {7 [0.6544083310699463 0.07222310304641724 -0.9189662912330627]}
2016/03/11 20:05:54 Predicted Location 32 {7 [0.4877416644032797 0.07222310304641724 -1.0856329578997295]}
2016/03/11 20:05:54 Result is {[{7 [0.4877416644032797 0.07222310304641724 -1.0856329578997295]}] 1  }
2016/03/11 20:05:54 POST	/query	Query	3.565786933s
2016/03/11 20:06:35 Tokens  32 [move hp next to nvidia]
2016/03/11 20:06:35 vector 32 [79 300 44 8 74 1 1 1 1 1 1 1 1 1 1 1 1 1 1 1 1 1 1 1 1 1 1 1 1 1 1 1 1 1 1 1 1 1 1 1 1 1 1 1 1 1 1 1 1 1 1 1 1 1 1 1 1 1 1 1 1 1 1 1 1 1 1 1 1 1 1 1 1 1 1 1 1 1 1]
2016/03/11 20:06:35 send str:  32 79 300 44 8 74 1 1 1 1 1 1 1 1 1 1 1 1 1 1 1 1 1 1 1 1 1 1 1 1 1 1 1 1 1 1 1 1 1 1 1 1 1 1 1 1 1 1 1 1 1 1 1 1 1 1 1 1 1 1 1 1 1 1 1 1 1 1 1 1 1 1 1 1 1 1 1 1 1 1
2016/03/11 20:06:36 result 32 7 10 6

2016/03/11 20:06:36 results  7  nums:  [7 0 0]
2016/03/11 20:06:36 results  10  nums:  [7 10 0]
2016/03/11 20:06:36 results  6  nums:  [7 10 6]
2016/03/11 20:06:36 Source coordinate  32 {7 [0.6544083310699463 0.07222310304641724 -0.9189662912330627]}
2016/03/11 20:06:36 Target coordinate  32 {10 [0.1974893161687851 0.07222310304641724 0.034079738569259645]}
2016/03/11 20:06:36 Predicted Location 32 {7 [0.36415598283545175 0.07222310304641724 0.034079738569259645]}
2016/03/11 20:06:36 Result is {[{7 [0.36415598283545175 0.07222310304641724 0.034079738569259645]}] 1  }
2016/03/11 20:06:36 POST	/query	Query	28.444227ms
2016/03/11 20:09:13 Tokens  32 [sdaf asf asd sdaf sadf asdf dsaf]
2016/03/11 20:09:13 vector 32 [1 1 1 1 1 1 1 1 1 1 1 1 1 1 1 1 1 1 1 1 1 1 1 1 1 1 1 1 1 1 1 1 1 1 1 1 1 1 1 1 1 1 1 1 1 1 1 1 1 1 1 1 1 1 1 1 1 1 1 1 1 1 1 1 1 1 1 1 1 1 1 1 1 1 1 1 1 1 1]
2016/03/11 20:09:13 send str:  32 1 1 1 1 1 1 1 1 1 1 1 1 1 1 1 1 1 1 1 1 1 1 1 1 1 1 1 1 1 1 1 1 1 1 1 1 1 1 1 1 1 1 1 1 1 1 1 1 1 1 1 1 1 1 1 1 1 1 1 1 1 1 1 1 1 1 1 1 1 1 1 1 1 1 1 1 1 1 1
2016/03/11 20:09:13 result 32 0 0 0

2016/03/11 20:09:13 results  0  nums:  [0 0 0]
2016/03/11 20:09:13 results  0  nums:  [0 0 0]
2016/03/11 20:09:13 results  0  nums:  [0 0 0]
2016/03/11 20:09:13 Result is {[] 0  Prediction returned index is not listed in world description}
2016/03/11 20:09:13 POST	/query	Query	9.148982ms
2016/03/11 20:09:30 Tokens  32 [move hp next to nvidia]
2016/03/11 20:09:30 vector 32 [79 300 44 8 74 1 1 1 1 1 1 1 1 1 1 1 1 1 1 1 1 1 1 1 1 1 1 1 1 1 1 1 1 1 1 1 1 1 1 1 1 1 1 1 1 1 1 1 1 1 1 1 1 1 1 1 1 1 1 1 1 1 1 1 1 1 1 1 1 1 1 1 1 1 1 1 1 1 1]
2016/03/11 20:09:30 send str:  32 79 300 44 8 74 1 1 1 1 1 1 1 1 1 1 1 1 1 1 1 1 1 1 1 1 1 1 1 1 1 1 1 1 1 1 1 1 1 1 1 1 1 1 1 1 1 1 1 1 1 1 1 1 1 1 1 1 1 1 1 1 1 1 1 1 1 1 1 1 1 1 1 1 1 1 1 1 1 1
2016/03/11 20:09:30 result 32 7 10 6

2016/03/11 20:09:30 results  7  nums:  [7 0 0]
2016/03/11 20:09:30 results  10  nums:  [7 10 0]
2016/03/11 20:09:30 results  6  nums:  [7 10 6]
2016/03/11 20:09:30 Source coordinate  32 {7 [0.6544083310699463 0.07222310304641724 -0.9189662912330627]}
2016/03/11 20:09:30 Target coordinate  32 {10 [0.1974893161687851 0.07222310304641724 0.034079738569259645]}
2016/03/11 20:09:30 Predicted Location 32 {7 [0.36415598283545175 0.07222310304641724 0.034079738569259645]}
2016/03/11 20:09:30 Result is {[{7 [0.36415598283545175 0.07222310304641724 0.034079738569259645]}] 1  }
2016/03/11 20:09:30 POST	/query	Query	28.681492ms
2016/03/11 20:18:13 Tokens  32 [move starbucks to the left of bmw]
2016/03/11 20:18:13 vector 32 [79 92 8 241 242 281 211 1 1 1 1 1 1 1 1 1 1 1 1 1 1 1 1 1 1 1 1 1 1 1 1 1 1 1 1 1 1 1 1 1 1 1 1 1 1 1 1 1 1 1 1 1 1 1 1 1 1 1 1 1 1 1 1 1 1 1 1 1 1 1 1 1 1 1 1 1 1 1 1]
2016/03/11 20:18:13 send str:  32 79 92 8 241 242 281 211 1 1 1 1 1 1 1 1 1 1 1 1 1 1 1 1 1 1 1 1 1 1 1 1 1 1 1 1 1 1 1 1 1 1 1 1 1 1 1 1 1 1 1 1 1 1 1 1 1 1 1 1 1 1 1 1 1 1 1 1 1 1 1 1 1 1 1 1 1 1 1 1
2016/03/11 20:18:13 result 32 14 2 6

2016/03/11 20:18:13 results  14  nums:  [14 0 0]
2016/03/11 20:18:13 results  2  nums:  [14 2 0]
2016/03/11 20:18:13 results  6  nums:  [14 2 6]
2016/03/11 20:18:13 Source coordinate  32 {14 [0.015564319894075394 0.07222310304641724 -0.5687692912330627]}
2016/03/11 20:18:13 Target coordinate  32 {2 [0.4594493310699463 0.07222310304641724 -0.46437826143074035]}
2016/03/11 20:18:13 Predicted Location 32 {14 [0.626115997736613 0.07222310304641724 -0.46437826143074035]}
2016/03/11 20:18:13 Result is {[{14 [0.626115997736613 0.07222310304641724 -0.46437826143074035]}] 1  }
2016/03/11 20:18:13 POST	/query	Query	32.469616ms
2016/03/11 20:20:22 Tokens  32 [move mcdonalds below nvidia]
2016/03/11 20:20:22 vector 32 [79 184 307 74 1 1 1 1 1 1 1 1 1 1 1 1 1 1 1 1 1 1 1 1 1 1 1 1 1 1 1 1 1 1 1 1 1 1 1 1 1 1 1 1 1 1 1 1 1 1 1 1 1 1 1 1 1 1 1 1 1 1 1 1 1 1 1 1 1 1 1 1 1 1 1 1 1 1 1]
2016/03/11 20:20:22 send str:  32 79 184 307 74 1 1 1 1 1 1 1 1 1 1 1 1 1 1 1 1 1 1 1 1 1 1 1 1 1 1 1 1 1 1 1 1 1 1 1 1 1 1 1 1 1 1 1 1 1 1 1 1 1 1 1 1 1 1 1 1 1 1 1 1 1 1 1 1 1 1 1 1 1 1 1 1 1 1 1
2016/03/11 20:20:22 result 32 8 10 4

2016/03/11 20:20:22 results  8  nums:  [8 0 0]
2016/03/11 20:20:22 results  10  nums:  [8 10 0]
2016/03/11 20:20:22 results  4  nums:  [8 10 4]
2016/03/11 20:20:22 Source coordinate  32 {8 [-0.4753726689300537 0.07222310304641724 -0.26362926143074034]}
2016/03/11 20:20:22 Target coordinate  32 {10 [0.1974893161687851 0.07222310304641724 0.034079738569259645]}
2016/03/11 20:20:22 Predicted Location 32 {8 [0.1974893161687851 0.07222310304641724 0.2007464052359263]}
2016/03/11 20:20:22 Result is {[{8 [0.1974893161687851 0.07222310304641724 0.2007464052359263]}] 1  }
2016/03/11 20:20:22 POST	/query	Query	27.113373ms
2016/03/11 20:21:15 Tokens  32 [move target south of nvidia]
2016/03/11 20:21:15 vector 32 [79 145 121 281 74 1 1 1 1 1 1 1 1 1 1 1 1 1 1 1 1 1 1 1 1 1 1 1 1 1 1 1 1 1 1 1 1 1 1 1 1 1 1 1 1 1 1 1 1 1 1 1 1 1 1 1 1 1 1 1 1 1 1 1 1 1 1 1 1 1 1 1 1 1 1 1 1 1 1]
2016/03/11 20:21:15 send str:  32 79 145 121 281 74 1 1 1 1 1 1 1 1 1 1 1 1 1 1 1 1 1 1 1 1 1 1 1 1 1 1 1 1 1 1 1 1 1 1 1 1 1 1 1 1 1 1 1 1 1 1 1 1 1 1 1 1 1 1 1 1 1 1 1 1 1 1 1 1 1 1 1 1 1 1 1 1 1 1
2016/03/11 20:21:15 result 32 16 10 4

2016/03/11 20:21:15 results  16  nums:  [16 0 0]
2016/03/11 20:21:15 results  10  nums:  [16 10 0]
2016/03/11 20:21:15 results  4  nums:  [16 10 4]
2016/03/11 20:21:15 Source coordinate  32 {16 [-0.6853896093254089 0.07222311794757844 -0.09358422417783738]}
2016/03/11 20:21:15 Target coordinate  32 {10 [0.19748939067459106 0.07222311794757844 0.03407977954745293]}
2016/03/11 20:21:15 Predicted Location 32 {16 [0.19748939067459106 0.07222311794757844 0.20074644621411958]}
2016/03/11 20:21:15 Result is {[{16 [0.19748939067459106 0.07222311794757844 0.20074644621411958]}] 1  }
2016/03/11 20:21:15 POST	/query	Query	29.135458ms
2016/03/11 20:22:01 Tokens  32 [move mcdonalds west of the mercedes block]
2016/03/11 20:22:01 vector 32 [79 184 283 281 241 178 287 1 1 1 1 1 1 1 1 1 1 1 1 1 1 1 1 1 1 1 1 1 1 1 1 1 1 1 1 1 1 1 1 1 1 1 1 1 1 1 1 1 1 1 1 1 1 1 1 1 1 1 1 1 1 1 1 1 1 1 1 1 1 1 1 1 1 1 1 1 1 1 1]
2016/03/11 20:22:01 send str:  32 79 184 283 281 241 178 287 1 1 1 1 1 1 1 1 1 1 1 1 1 1 1 1 1 1 1 1 1 1 1 1 1 1 1 1 1 1 1 1 1 1 1 1 1 1 1 1 1 1 1 1 1 1 1 1 1 1 1 1 1 1 1 1 1 1 1 1 1 1 1 1 1 1 1 1 1 1 1 1
2016/03/11 20:22:01 result 32 8 9 6

2016/03/11 20:22:01 results  8  nums:  [8 0 0]
2016/03/11 20:22:01 results  9  nums:  [8 9 0]
2016/03/11 20:22:01 results  6  nums:  [8 9 6]
2016/03/11 20:22:01 Source coordinate  32 {8 [0.2684878358278274 0.07222994267940522 0.19901484560171762]}
2016/03/11 20:22:01 Target coordinate  32 {9 [-0.32381954972076415 0.07222313284873963 0.013142817731678486]}
2016/03/11 20:22:01 Predicted Location 32 {8 [-0.1571528830540975 0.07222313284873963 0.013142817731678486]}
2016/03/11 20:22:01 Result is {[{8 [-0.1571528830540975 0.07222313284873963 0.013142817731678486]}] 1  }
2016/03/11 20:22:01 POST	/query	Query	45.605264ms
2016/03/11 20:28:19 Tokens  32 [slide the mercedes block down until it is close to heineken]
2016/03/11 20:28:19 vector 32 [99 241 178 287 289 47 219 218 183 8 54 1 1 1 1 1 1 1 1 1 1 1 1 1 1 1 1 1 1 1 1 1 1 1 1 1 1 1 1 1 1 1 1 1 1 1 1 1 1 1 1 1 1 1 1 1 1 1 1 1 1 1 1 1 1 1 1 1 1 1 1 1 1 1 1 1 1 1 1]
2016/03/11 20:28:19 send str:  32 99 241 178 287 289 47 219 218 183 8 54 1 1 1 1 1 1 1 1 1 1 1 1 1 1 1 1 1 1 1 1 1 1 1 1 1 1 1 1 1 1 1 1 1 1 1 1 1 1 1 1 1 1 1 1 1 1 1 1 1 1 1 1 1 1 1 1 1 1 1 1 1 1 1 1 1 1 1 1
2016/03/11 20:28:19 result 32 9 6 2

2016/03/11 20:28:19 results  9  nums:  [9 0 0]
2016/03/11 20:28:19 results  6  nums:  [9 6 0]
2016/03/11 20:28:19 results  2  nums:  [9 6 2]
2016/03/11 20:28:19 Source coordinate  32 {9 [-0.3238194901161194 0.07222314774990082 0.013142857778549195]}
2016/03/11 20:28:19 Target coordinate  32 {6 [-0.5344719138374329 0.07222404927015305 -0.9565334237213134]}
2016/03/11 20:28:19 Predicted Location 32 {9 [-0.7011385805040995 0.07222404927015305 -0.9565334237213134]}
2016/03/11 20:28:19 Result is {[{9 [-0.7011385805040995 0.07222404927015305 -0.9565334237213134]}] 1  }
2016/03/11 20:28:19 POST	/query	Query	40.076829ms
2016/03/11 20:44:53 Tokens  32 [put mcdonalds block on top of mercedes block]
2016/03/11 20:44:53 vector 32 [117 184 287 278 134 281 178 287 1 1 1 1 1 1 1 1 1 1 1 1 1 1 1 1 1 1 1 1 1 1 1 1 1 1 1 1 1 1 1 1 1 1 1 1 1 1 1 1 1 1 1 1 1 1 1 1 1 1 1 1 1 1 1 1 1 1 1 1 1 1 1 1 1 1 1 1 1 1 1]
2016/03/11 20:44:53 send str:  32 117 184 287 278 134 281 178 287 1 1 1 1 1 1 1 1 1 1 1 1 1 1 1 1 1 1 1 1 1 1 1 1 1 1 1 1 1 1 1 1 1 1 1 1 1 1 1 1 1 1 1 1 1 1 1 1 1 1 1 1 1 1 1 1 1 1 1 1 1 1 1 1 1 1 1 1 1 1 1
2016/03/11 20:44:53 result 32 8 9 8

2016/03/11 20:44:53 results  8  nums:  [8 0 0]
2016/03/11 20:44:53 results  9  nums:  [8 9 0]
2016/03/11 20:44:53 results  8  nums:  [8 9 8]
2016/03/11 20:44:53 Source coordinate  32 {8 [-0.15715273404248556 0.07222316265106202 0.013142897825419903]}
2016/03/11 20:44:53 Target coordinate  32 {9 [-0.7011381036669413 0.07222410142421723 -0.9565333045120239]}
2016/03/11 20:44:53 Predicted Location 32 {8 [-0.7011381036669413 0.07222410142421723 -1.1231999711786906]}
2016/03/11 20:44:53 Result is {[{8 [-0.7011381036669413 0.07222410142421723 -1.1231999711786906]}] 1  }
2016/03/11 20:44:53 POST	/query	Query	34.043968ms
